mode: set
search-engine/pkg/DatabaseConn/Connections.go:34.54,36.2 1 1
search-engine/pkg/DatabaseConn/Connections.go:38.31,51.16 7 0
search-engine/pkg/DatabaseConn/Connections.go:56.2,57.16 2 0
search-engine/pkg/DatabaseConn/Connections.go:61.2,67.18 3 0
search-engine/pkg/DatabaseConn/Connections.go:51.16,53.3 1 0
search-engine/pkg/DatabaseConn/Connections.go:57.16,59.3 1 0
search-engine/pkg/DatabaseConn/Connections.go:70.99,79.16 5 1
search-engine/pkg/DatabaseConn/Connections.go:84.2,86.20 2 1
search-engine/pkg/DatabaseConn/Connections.go:79.16,82.3 2 1
search-engine/pkg/DatabaseConn/Connections.go:90.76,94.27 2 1
search-engine/pkg/DatabaseConn/Connections.go:98.2,104.16 5 1
search-engine/pkg/DatabaseConn/Connections.go:108.2,110.23 2 1
search-engine/pkg/DatabaseConn/Connections.go:121.2,121.28 1 1
search-engine/pkg/DatabaseConn/Connections.go:94.27,97.3 2 1
search-engine/pkg/DatabaseConn/Connections.go:104.16,107.3 2 1
search-engine/pkg/DatabaseConn/Connections.go:110.23,113.49 2 0
search-engine/pkg/DatabaseConn/Connections.go:118.3,118.51 1 0
search-engine/pkg/DatabaseConn/Connections.go:113.49,116.4 2 0
search-engine/pkg/DatabaseConn/Connections.go:125.77,133.16 5 1
search-engine/pkg/DatabaseConn/Connections.go:137.2,139.23 2 1
search-engine/pkg/DatabaseConn/Connections.go:147.2,147.22 1 1
search-engine/pkg/DatabaseConn/Connections.go:133.16,136.3 2 1
search-engine/pkg/DatabaseConn/Connections.go:139.23,141.49 2 0
search-engine/pkg/DatabaseConn/Connections.go:145.3,145.39 1 0
search-engine/pkg/DatabaseConn/Connections.go:141.49,144.4 2 0
search-engine/pkg/Controllers/Controllers.go:22.34,24.2 1 1
search-engine/pkg/Controllers/Controllers.go:31.33,34.2 2 1
search-engine/pkg/Controllers/Controllers.go:41.54,44.2 2 1
search-engine/pkg/Controllers/Controllers.go:55.53,60.27 4 1
search-engine/pkg/Controllers/Controllers.go:65.2,65.45 1 1
search-engine/pkg/Controllers/Controllers.go:69.2,69.21 1 1
search-engine/pkg/Controllers/Controllers.go:73.2,75.45 3 1
search-engine/pkg/Controllers/Controllers.go:60.27,63.3 2 1
search-engine/pkg/Controllers/Controllers.go:65.45,68.3 2 1
search-engine/pkg/Controllers/Controllers.go:69.21,72.3 2 1
search-engine/pkg/Controllers/Controllers.go:86.51,91.45 4 1
search-engine/pkg/Controllers/Controllers.go:95.2,96.42 2 1
search-engine/pkg/Controllers/Controllers.go:91.45,94.3 2 1
search-engine/pkg/Controllers/Controllers.go:98.66,101.35 3 1
search-engine/pkg/Controllers/Controllers.go:105.2,105.47 1 1
search-engine/pkg/Controllers/Controllers.go:108.2,111.17 3 1
search-engine/pkg/Controllers/Controllers.go:101.35,104.3 2 1
search-engine/pkg/Controllers/Controllers.go:105.47,107.3 1 1
search-engine/pkg/Controllers/Controllers.go:114.46,117.37 2 1
search-engine/pkg/Controllers/Controllers.go:125.2,125.12 1 1
search-engine/pkg/Controllers/Controllers.go:117.37,118.36 1 1
search-engine/pkg/Controllers/Controllers.go:118.36,119.49 1 1
search-engine/pkg/Controllers/Controllers.go:119.49,121.10 2 1
search-engine/pkg/Controllers/Controllers.go:127.24,128.12 1 1
search-engine/pkg/Controllers/Controllers.go:131.2,131.10 1 1
search-engine/pkg/Controllers/Controllers.go:128.12,130.3 1 1
